<?xml version="1.0" encoding="UTF-8"?>
<!-- Generated by org.testng.reporters.JUnitReportReporter -->
<testsuite hostname="RAHULs-MacBook-Air-2.local" failures="0" tests="1" name="SulekhaMaliPractice.SeleniumFramework.Tests.OrderBookingTests" time="4.574" errors="0" timestamp="2025-08-25T23:32:17 IST" skipped="0">
  <testcase classname="SulekhaMaliPractice.SeleniumFramework.Tests.OrderBookingTests" name="verifyShoppingBadgeIconChange" time="4.574"/>
</testsuite> <!-- SulekhaMaliPractice.SeleniumFramework.Tests.OrderBookingTests -->
