<?xml version="1.0" encoding="UTF-8"?>
<!-- Generated by org.testng.reporters.JUnitReportReporter -->
<testsuite hostname="RAHULs-MacBook-Air-2.local" failures="0" tests="3" name="SulekhaMaliPractice.SeleniumFramework.Tests.OrderBookingTests" time="19.369" errors="0" timestamp="2025-08-18T00:29:33 IST" skipped="0">
  <testcase classname="SulekhaMaliPractice.SeleniumFramework.Tests.OrderBookingTests" name="verifyMultipleOrderBooking" time="10.230"/>
  <testcase classname="SulekhaMaliPractice.SeleniumFramework.Tests.OrderBookingTests" name="verifyShoppingBadgeIconChange" time="3.837"/>
  <testcase classname="SulekhaMaliPractice.SeleniumFramework.Tests.OrderBookingTests" name="verifyOrderBooking" time="5.302"/>
</testsuite> <!-- SulekhaMaliPractice.SeleniumFramework.Tests.OrderBookingTests -->
