<?xml version="1.0" encoding="UTF-8"?>
<!-- Generated by org.testng.reporters.JUnitReportReporter -->
<testsuite hostname="RAHULs-MacBook-Air-2.local" failures="0" tests="2" name="SulekhaMaliPractice.SeleniumFramework.Tests.ErrorValidations" time="7.895" errors="0" timestamp="2025-08-25T23:32:32 IST" skipped="0">
  <testcase classname="SulekhaMaliPractice.SeleniumFramework.Tests.ErrorValidations" name="verifyFillingAllDetails" time="4.549"/>
  <testcase classname="SulekhaMaliPractice.SeleniumFramework.Tests.ErrorValidations" name="verifyInvalidLogin" time="3.346"/>
</testsuite> <!-- SulekhaMaliPractice.SeleniumFramework.Tests.ErrorValidations -->
