<?xml version="1.0" encoding="UTF-8"?>
<!-- Generated by org.testng.reporters.JUnitReportReporter -->
<testsuite hostname="RAHULs-MacBook-Air-2.local" failures="0" tests="2" name="SulekhaMaliPractice.SeleniumFramework.Tests.BookingTests" time="12.205" errors="0" timestamp="2025-07-02T23:29:00 IST" skipped="0">
  <testcase classname="SulekhaMaliPractice.SeleniumFramework.Tests.BookingTests" name="verifyOrderBooking" time="5.765"/>
  <testcase classname="SulekhaMaliPractice.SeleniumFramework.Tests.BookingTests" name="verifyMultipleOrderBooking" time="6.440"/>
</testsuite> <!-- SulekhaMaliPractice.SeleniumFramework.Tests.BookingTests -->
