<?xml version="1.0" encoding="UTF-8"?>
<!-- Generated by org.testng.reporters.JUnitReportReporter -->
<testsuite hostname="RAHULs-MacBook-Air-2.local" failures="0" tests="3" name="SulekhaMaliPractice.SeleniumFramework.Tests.OrderBookingTests" time="10.075" errors="0" timestamp="2025-08-18T00:36:56 IST" skipped="0">
  <testcase classname="SulekhaMaliPractice.SeleniumFramework.Tests.OrderBookingTests" name="verifyMultipleOrderBooking" time="4.987"/>
  <testcase classname="SulekhaMaliPractice.SeleniumFramework.Tests.OrderBookingTests" name="verifyShoppingBadgeIconChange" time="2.143"/>
  <testcase classname="SulekhaMaliPractice.SeleniumFramework.Tests.OrderBookingTests" name="verifyOrderBooking" time="2.945"/>
</testsuite> <!-- SulekhaMaliPractice.SeleniumFramework.Tests.OrderBookingTests -->
