<?xml version="1.0" encoding="UTF-8"?>
<!-- Generated by org.testng.reporters.JUnitReportReporter -->
<testsuite hostname="RAHULs-MacBook-Air-2.local" failures="0" tests="3" name="SulekhaMaliPractice.SeleniumFramework.Tests.OrderBookingTests" time="8.313" errors="0" timestamp="2025-07-26T16:01:14 IST" skipped="0">
  <testcase classname="SulekhaMaliPractice.SeleniumFramework.Tests.OrderBookingTests" name="verifyMultipleOrderBooking" time="3.423"/>
  <testcase classname="SulekhaMaliPractice.SeleniumFramework.Tests.OrderBookingTests" name="verifyShoppingBadgeIconChange" time="2.039"/>
  <testcase classname="SulekhaMaliPractice.SeleniumFramework.Tests.OrderBookingTests" name="verifyOrderBooking" time="2.851"/>
</testsuite> <!-- SulekhaMaliPractice.SeleniumFramework.Tests.OrderBookingTests -->
