<?xml version="1.0" encoding="UTF-8"?>
<!-- Generated by org.testng.reporters.JUnitReportReporter -->
<testsuite hostname="RAHULs-MacBook-Air-2.local" failures="0" tests="1" name="SulekhaMaliPractice.SeleniumFramework.AppTest" time="22.584" errors="0" timestamp="2025-07-26T02:25:23 IST" skipped="0">
  <testcase classname="SulekhaMaliPractice.SeleniumFramework.AppTest" name="verifyMultipleOrderBooking" time="22.584"/>
</testsuite> <!-- SulekhaMaliPractice.SeleniumFramework.AppTest -->
