<?xml version="1.0" encoding="UTF-8"?>
<!-- Generated by org.testng.reporters.JUnitReportReporter -->
<testsuite hostname="RAHULs-MacBook-Air-2.local" failures="0" tests="2" name="SulekhaMaliPractice.SeleniumFramework.Tests.ErrorValidations" time="4.172" errors="0" timestamp="2025-07-26T16:01:14 IST" skipped="0">
  <testcase classname="SulekhaMaliPractice.SeleniumFramework.Tests.ErrorValidations" name="verifyInvalidLogin" time="1.928"/>
  <testcase classname="SulekhaMaliPractice.SeleniumFramework.Tests.ErrorValidations" name="verifyFillingAllDetails" time="2.244"/>
</testsuite> <!-- SulekhaMaliPractice.SeleniumFramework.Tests.ErrorValidations -->
